<?xml version="1.0" encoding="UTF-8"?>
<testng-results skipped="0" failed="0" ignored="0" total="1" passed="1">
  <reporter-output>
  </reporter-output>
  <suite name="Default suite" duration-ms="60" started-at="2022-11-17T15:41:26 IST" finished-at="2022-11-17T15:41:26 IST">
    <groups>
    </groups>
    <test name="Default test" duration-ms="60" started-at="2022-11-17T15:41:26 IST" finished-at="2022-11-17T15:41:26 IST">
      <class name="Organisation.CheckingTest">
        <test-method status="PASS" signature="display()[pri:0, instance:Organisation.CheckingTest@fad74ee]" name="display" duration-ms="12" started-at="2022-11-17T15:41:26 IST" finished-at="2022-11-17T15:41:26 IST">
          <reporter-output>
          </reporter-output>
        </test-method> <!-- display -->
      </class> <!-- Organisation.CheckingTest -->
    </test> <!-- Default test -->
  </suite> <!-- Default suite -->
</testng-results>
